SF:lib\src\xml_node.dart
DA:15,1
DA:18,1
DA:19,1
DA:20,1
DA:21,1
DA:22,6
DA:23,4
DA:25,0
DA:27,2
DA:31,1
DA:32,1
DA:33,1
DA:34,2
DA:35,6
DA:36,5
DA:38,0
DA:40,3
DA:44,1
DA:45,1
DA:46,1
DA:47,2
DA:48,5
DA:49,1
DA:50,6
DA:51,4
DA:52,1
DA:53,1
DA:54,5
DA:55,4
DA:57,6
DA:58,5
DA:61,0
DA:63,3
DA:77,1
DA:85,1
DA:87,6
DA:88,2
DA:91,5
DA:92,1
DA:94,4
DA:95,1
DA:99,1
DA:100,7
DA:107,1
DA:108,6
DA:109,10
DA:110,8
DA:111,5
DA:112,5
DA:117,1
DA:118,11
DA:119,10
DA:123,1
DA:124,6
DA:144,1
DA:145,4
DA:146,1
DA:150,1
DA:151,6
DA:154,0
DA:155,0
DA:158,0
DA:159,0
DA:162,1
DA:163,1
DA:164,1
DA:165,3
DA:171,1
DA:172,1
DA:176,1
DA:177,1
DA:178,1
DA:179,4
DA:180,6
DA:181,4
DA:182,7
DA:186,1
DA:187,2
DA:192,1
DA:193,2
DA:197,3
DA:198,6
DA:200,1
DA:201,2
DA:202,1
DA:203,3
DA:204,3
DA:206,3
DA:207,3
DA:209,3
DA:210,3
DA:213,2
DA:214,3
DA:215,2
DA:216,1
DA:217,3
DA:218,3
DA:219,3
DA:220,3
DA:222,3
DA:223,1
DA:224,1
DA:230,1
DA:233,1
DA:234,4
DA:235,2
DA:236,2
DA:244,1
DA:245,3
DA:246,1
DA:247,4
DA:248,2
DA:251,5
DA:252,3
DA:253,1
DA:254,2
DA:255,5
DA:256,3
DA:257,5
DA:263,1
DA:264,1
DA:265,1
DA:267,1
DA:268,4
DA:269,4
DA:274,2
DA:275,4
DA:276,4
DA:277,3
DA:279,1
DA:281,3
DA:282,4
DA:287,4
DA:288,4
DA:306,1
DA:307,3
DA:308,1
DA:309,2
DA:334,1
DA:335,3
DA:336,1
DA:338,2
DA:340,3
DA:343,2
DA:344,3
DA:345,4
DA:346,3
DA:349,4
DA:350,3
DA:351,3
DA:354,5
DA:355,3
DA:358,3
DA:379,1
DA:380,3
DA:381,1
DA:385,1
DA:391,1
DA:392,3
DA:393,2
DA:394,5
DA:396,0
DA:402,1
DA:403,3
DA:404,4
DA:405,6
DA:413,1
DA:416,0
DA:419,1
DA:421,1
DA:424,1
DA:429,0
DA:443,1
DA:444,4
DA:445,2
DA:448,2
DA:449,1
DA:450,2
DA:451,1
DA:465,1
DA:469,1
DA:470,1
DA:473,2
DA:479,4
DA:480,2
DA:483,2
DA:498,1
DA:499,3
DA:500,2
DA:501,6
DA:507,1
DA:508,2
DA:511,1
DA:512,1
DA:513,3
DA:514,1
DA:515,3
DA:516,1
DA:517,4
DA:518,1
DA:519,4
LF:201
LH:191
end_of_record
SF:lib\src\xml_doc.dart
DA:8,4
DA:10,1
DA:11,2
DA:12,2
DA:15,1
DA:16,4
DA:17,3
DA:18,6
DA:19,2
DA:20,1
DA:25,1
DA:26,2
DA:27,2
DA:28,0
DA:30,3
DA:31,3
DA:32,1
DA:34,2
DA:35,2
DA:40,0
LF:20
LH:18
end_of_record
SF:lib\src\xml_string_ext.dart
DA:5,1
DA:6,1
DA:7,1
DA:8,1
DA:9,1
DA:10,1
DA:14,1
DA:15,1
DA:16,2
DA:19,1
DA:23,1
DA:24,1
DA:25,2
DA:28,2
DA:31,1
DA:32,1
DA:33,4
DA:34,2
DA:38,0
DA:41,1
DA:42,1
DA:43,3
DA:44,2
DA:48,0
DA:51,1
DA:52,4
DA:53,2
DA:54,1
DA:57,2
DA:61,0
DA:64,1
DA:65,3
DA:66,2
DA:67,1
DA:70,2
DA:74,0
DA:77,1
DA:78,0
DA:79,2
DA:80,2
DA:82,2
DA:83,5
DA:89,1
DA:92,0
DA:95,1
DA:96,1
DA:97,2
DA:98,0
DA:103,1
DA:104,1
DA:105,2
DA:106,0
DA:108,1
DA:111,1
DA:112,1
DA:113,2
DA:114,0
DA:119,1
DA:120,1
DA:121,2
DA:122,0
DA:124,1
DA:127,1
DA:128,1
DA:129,2
DA:130,0
DA:131,0
DA:136,1
DA:137,1
DA:138,2
DA:139,0
DA:140,0
DA:142,1
DA:145,1
DA:146,3
DA:147,2
DA:148,0
DA:149,2
DA:153,0
DA:156,1
DA:157,4
DA:158,2
DA:159,0
DA:160,2
DA:164,0
DA:167,1
DA:168,3
DA:169,2
DA:170,3
DA:171,1
DA:174,1
DA:175,1
DA:176,1
DA:178,1
DA:184,0
DA:187,1
DA:188,1
DA:189,4
DA:190,2
DA:191,3
DA:192,1
DA:197,0
DA:200,1
DA:201,1
DA:202,4
DA:203,2
DA:204,3
DA:205,0
DA:210,0
DA:213,1
DA:214,1
DA:216,1
DA:217,1
DA:218,1
DA:219,1
DA:220,1
DA:221,1
DA:222,1
DA:223,1
DA:224,1
DA:225,1
DA:226,1
DA:227,1
DA:228,0
DA:229,0
DA:233,1
DA:234,0
DA:236,1
DA:237,1
DA:238,1
DA:239,1
DA:240,1
DA:241,1
DA:242,1
DA:243,1
DA:244,1
DA:245,1
DA:246,1
DA:247,1
DA:248,0
DA:249,0
DA:253,1
DA:254,2
DA:255,2
DA:256,0
DA:258,5
DA:259,1
DA:261,1
DA:264,1
DA:265,1
DA:266,2
DA:267,1
DA:268,2
DA:269,6
DA:272,2
DA:273,1
DA:274,1
DA:275,1
DA:276,2
DA:277,1
DA:283,1
DA:285,2
DA:286,2
DA:289,1
DA:290,1
DA:291,3
DA:292,1
DA:294,1
DA:295,1
DA:297,1
DA:298,1
DA:302,0
DA:305,1
DA:307,3
DA:308,2
DA:311,1
DA:312,1
DA:313,1
DA:314,1
DA:315,1
DA:316,3
DA:317,1
DA:320,1
DA:324,0
DA:327,1
DA:328,1
DA:329,1
DA:331,2
DA:332,1
DA:337,1
DA:342,1
DA:345,3
DA:352,1
DA:353,1
DA:355,1
DA:357,1
DA:369,1
DA:370,1
DA:371,1
DA:373,2
DA:374,1
DA:379,1
DA:384,1
DA:387,2
DA:388,1
DA:393,1
DA:415,1
DA:416,0
DA:417,2
DA:419,3
DA:420,4
DA:429,1
DA:432,1
DA:433,2
DA:434,2
DA:435,1
DA:438,1
DA:439,1
DA:440,1
DA:441,1
DA:444,1
DA:445,1
DA:446,1
DA:447,1
LF:224
LH:193
end_of_record
