SF:lib\src\xml_node.dart
DA:8,1
DA:16,1
DA:17,3
DA:18,1
DA:21,1
DA:22,1
DA:23,7
DA:24,1
DA:27,1
DA:28,1
DA:29,6
DA:30,1
DA:33,1
DA:34,7
DA:35,1
DA:38,1
DA:39,7
DA:40,1
DA:47,1
DA:50,1
DA:51,1
DA:52,1
DA:53,1
DA:54,6
DA:55,4
DA:57,0
DA:59,2
DA:63,1
DA:64,1
DA:65,1
DA:66,2
DA:67,6
DA:68,5
DA:70,0
DA:72,3
DA:76,1
DA:77,1
DA:78,1
DA:79,2
DA:80,5
DA:81,1
DA:82,6
DA:83,4
DA:84,1
DA:85,1
DA:86,5
DA:87,4
DA:89,6
DA:90,5
DA:93,0
DA:95,3
DA:109,1
DA:117,1
DA:119,6
DA:120,2
DA:123,5
DA:124,1
DA:126,4
DA:127,1
DA:131,1
DA:132,7
DA:139,1
DA:140,6
DA:141,10
DA:142,8
DA:143,5
DA:144,5
DA:149,1
DA:150,11
DA:151,10
DA:155,1
DA:156,6
DA:176,1
DA:177,2
DA:178,1
DA:182,1
DA:183,6
DA:186,0
DA:187,0
DA:190,0
DA:191,0
DA:194,1
DA:195,1
DA:196,1
DA:197,3
DA:203,1
DA:204,1
DA:208,1
DA:209,1
DA:210,1
DA:211,4
DA:212,7
DA:213,4
DA:214,6
DA:218,1
DA:219,2
DA:223,1
DA:224,2
DA:225,1
DA:231,1
DA:232,2
DA:236,3
DA:237,6
DA:239,1
DA:240,2
DA:241,1
DA:242,2
DA:243,3
DA:244,5
DA:246,2
DA:247,3
DA:248,2
DA:249,3
DA:251,2
DA:252,3
DA:253,2
DA:254,3
DA:257,2
DA:258,3
DA:259,2
DA:260,1
DA:261,2
DA:262,2
DA:263,3
DA:265,2
DA:266,2
DA:267,3
DA:269,2
DA:270,0
DA:271,0
DA:273,2
DA:274,0
DA:277,3
DA:278,1
DA:279,1
DA:285,1
DA:288,1
DA:289,4
DA:290,2
DA:291,2
DA:299,1
DA:300,3
DA:301,1
DA:302,4
DA:303,2
DA:306,5
DA:307,3
DA:308,1
DA:309,2
DA:310,5
DA:311,3
DA:312,5
DA:318,1
DA:319,1
DA:320,1
DA:322,1
DA:323,4
DA:324,4
DA:329,2
DA:330,4
DA:331,4
DA:332,3
DA:334,1
DA:336,3
DA:337,4
DA:342,4
DA:343,4
DA:361,1
DA:362,3
DA:363,1
DA:364,2
DA:389,1
DA:390,3
DA:391,1
DA:393,2
DA:395,3
DA:398,2
DA:399,3
DA:400,4
DA:401,3
DA:404,4
DA:405,3
DA:406,3
DA:409,5
DA:410,3
DA:413,3
DA:434,1
DA:435,3
DA:436,1
DA:440,1
DA:446,1
DA:447,3
DA:448,2
DA:449,5
DA:451,0
DA:457,1
DA:458,3
DA:459,4
DA:460,6
DA:468,1
DA:471,0
DA:474,1
DA:476,1
DA:479,1
DA:484,0
DA:498,1
DA:499,4
DA:500,2
DA:503,2
DA:504,1
DA:505,2
DA:506,1
DA:520,1
DA:524,1
DA:525,1
DA:528,2
DA:534,4
DA:535,2
DA:538,2
DA:553,1
DA:554,3
DA:555,2
DA:556,6
DA:561,1
DA:562,3
DA:563,10
DA:564,7
DA:565,13
DA:569,1
DA:570,2
DA:574,1
DA:575,2
LF:232
LH:219
end_of_record
SF:lib\src\xml_doc.dart
DA:8,4
DA:10,1
DA:11,2
DA:12,2
DA:15,1
DA:16,4
DA:17,3
DA:18,6
DA:19,2
DA:20,1
DA:25,1
DA:26,2
DA:27,2
DA:28,0
DA:30,3
DA:31,3
DA:32,1
DA:34,2
DA:35,2
DA:40,0
LF:20
LH:18
end_of_record
SF:lib\src\xml_string_ext.dart
DA:5,1
DA:6,1
DA:7,1
DA:8,1
DA:9,1
DA:10,1
DA:14,1
DA:15,1
DA:16,1
DA:17,1
DA:18,1
DA:19,1
DA:23,1
DA:24,1
DA:25,2
DA:28,1
DA:32,1
DA:33,1
DA:34,2
DA:37,2
DA:40,1
DA:41,1
DA:42,4
DA:43,2
DA:47,0
DA:50,1
DA:51,1
DA:52,3
DA:53,2
DA:57,0
DA:60,1
DA:61,4
DA:62,2
DA:63,1
DA:66,2
DA:70,0
DA:73,1
DA:74,3
DA:75,2
DA:76,1
DA:79,2
DA:83,0
DA:86,1
DA:87,0
DA:88,2
DA:89,2
DA:91,2
DA:92,5
DA:98,1
DA:101,0
DA:104,1
DA:105,1
DA:106,2
DA:107,0
DA:112,1
DA:113,1
DA:114,2
DA:115,0
DA:117,1
DA:120,1
DA:121,1
DA:122,2
DA:123,0
DA:128,1
DA:129,1
DA:130,2
DA:131,0
DA:133,1
DA:136,0
DA:137,0
DA:138,0
DA:139,0
DA:140,0
DA:145,1
DA:146,1
DA:147,2
DA:148,0
DA:149,0
DA:151,1
DA:154,0
DA:155,0
DA:156,0
DA:157,0
DA:158,0
DA:162,0
DA:165,1
DA:166,4
DA:167,2
DA:168,0
DA:169,2
DA:173,0
DA:176,1
DA:177,3
DA:178,2
DA:179,3
DA:180,1
DA:183,1
DA:184,1
DA:185,1
DA:187,1
DA:193,0
DA:196,1
DA:197,1
DA:198,4
DA:199,2
DA:200,3
DA:201,1
DA:206,0
DA:209,1
DA:210,1
DA:211,4
DA:212,2
DA:213,3
DA:214,1
DA:219,0
DA:222,1
DA:223,1
DA:225,1
DA:226,1
DA:227,1
DA:228,0
DA:229,1
DA:230,1
DA:231,1
DA:232,1
DA:233,1
DA:234,0
DA:235,1
DA:236,1
DA:237,0
DA:238,0
DA:242,1
DA:243,0
DA:245,1
DA:246,1
DA:247,1
DA:248,1
DA:249,1
DA:250,1
DA:251,1
DA:252,1
DA:253,1
DA:254,1
DA:255,1
DA:256,1
DA:257,0
DA:258,0
DA:262,1
DA:263,2
DA:264,2
DA:265,0
DA:267,5
DA:268,1
DA:270,1
DA:273,1
DA:274,1
DA:275,2
DA:276,1
DA:277,2
DA:278,6
DA:281,2
DA:282,1
DA:283,1
DA:284,1
DA:285,2
DA:286,1
DA:292,1
DA:294,2
DA:295,2
DA:298,1
DA:299,1
DA:300,3
DA:301,1
DA:303,1
DA:304,1
DA:306,1
DA:307,1
DA:311,0
DA:314,1
DA:316,3
DA:317,2
DA:320,1
DA:321,1
DA:322,1
DA:323,1
DA:324,1
DA:325,3
DA:326,1
DA:329,1
DA:333,0
DA:336,1
DA:337,1
DA:338,1
DA:340,2
DA:341,1
DA:346,1
DA:351,1
DA:354,3
DA:361,1
DA:362,1
DA:364,1
DA:366,1
DA:378,1
DA:379,1
DA:380,1
DA:382,2
DA:383,1
DA:388,1
DA:393,1
DA:396,2
DA:397,1
DA:402,1
DA:424,1
DA:425,0
DA:426,2
DA:428,3
DA:429,4
DA:438,1
DA:441,1
DA:442,2
DA:443,2
DA:444,1
DA:447,1
DA:448,1
DA:449,1
DA:450,1
DA:453,1
DA:454,1
DA:455,1
DA:456,1
LF:230
LH:191
end_of_record
